info it worked if it ends with ok
verbose cli [ 'node', '/usr/bin/npm', 'install', '-g', 'mongojs' ]
info using npm@1.1.4
info using node@v0.6.19
verbose config file /root/.npmrc
verbose config file /usr/etc/npmrc
verbose config file /usr/share/npm/npmrc
silly exec /usr/bin/node "/usr/share/npm/bin/npm-get-uid-gid.js" "nobody" 1000
silly spawning [ '/usr/bin/node',
silly spawning   [ '/usr/share/npm/bin/npm-get-uid-gid.js', 'nobody', 1000 ],
silly spawning   null ]
silly output from getuid/gid {"uid":65534,"gid":1000}
silly output from getuid/gid 
verbose cache add [ 'mongojs', null ]
silly cache add: name, spec, args [ undefined, 'mongojs', [ 'mongojs', null ] ]
verbose parsed url { pathname: 'mongojs', path: 'mongojs', href: 'mongojs' }
verbose addNamed [ 'mongojs', '' ]
verbose addNamed [ null, '' ]
silly name, range, hasData [ 'mongojs', '', false ]
verbose raw, before any munging mongojs
verbose url resolving [ 'https://registry.npmjs.org/', './mongojs' ]
verbose url resolved https://registry.npmjs.org/mongojs
http GET https://registry.npmjs.org/mongojs
http 408 https://registry.npmjs.org/mongojs
verbose bad json <html><title>Request timeout</title><body><h1>Request timeout</h1></body></html>
ERR! registry error parsing json
silly get cb [ 408, { 'content-type': 'text/html', 'content-length': '80' } ]
ERR! Error: failed to fetch from registry: mongojs
ERR!     at /usr/share/npm/lib/utils/npm-registry-client/get.js:139:12
ERR!     at cb (/usr/share/npm/lib/utils/npm-registry-client/request.js:31:9)
ERR!     at Request._callback (/usr/share/npm/lib/utils/npm-registry-client/request.js:153:14)
ERR!     at Request.callback (/usr/lib/nodejs/request/main.js:119:22)
ERR!     at Request.<anonymous> (/usr/lib/nodejs/request/main.js:525:16)
ERR!     at Request.emit (events.js:67:17)
ERR!     at IncomingMessage.<anonymous> (/usr/lib/nodejs/request/main.js:484:14)
ERR!     at IncomingMessage.emit (events.js:88:20)
ERR!     at HTTPParser.parserOnMessageComplete [as onMessageComplete] (http.js:130:23)
ERR!     at CleartextStream.socketOnData [as ondata] (http.js:1288:20)
ERR! You may report this log at:
ERR!     <http://bugs.debian.org/npm>
ERR! or use
ERR!     reportbug --attach /home/pi/Projects/node/express/myapp/npm-debug.log npm
ERR! 
ERR! System Linux 3.2.27+
ERR! command "node" "/usr/bin/npm" "install" "-g" "mongojs"
ERR! cwd /home/pi/Projects/node/express/myapp
ERR! node -v v0.6.19
ERR! npm -v 1.1.4
ERR! message failed to fetch from registry: mongojs
verbose exit [ 1, true ]
